<?xml version="1.0" encoding="UTF-8"?>
<!-- Generated by org.testng.reporters.JUnitXMLReporter -->
<testsuite ignored="0" hostname="IT-AmaniZaqzouq-Lap" failures="1" tests="1" name="Test" time="48.669" errors="0" timestamp="2024-07-02T21:33:20 IDT">
  <testcase classname="mainPackage.checkoutFunctionality" name="checkoutFunctionality" time="48.423">
    <failure type="java.lang.AssertionError" message="expected [Thank you] but found [Thank you for your purchase!]">
      <![CDATA[java.lang.AssertionError: expected [Thank you] but found [Thank you for your purchase!]
at pageObjects.Assertions.checkPageTitleIsContain(Assertions.java:11)
at mainPackage.checkoutFunctionality.checkoutFunctionality(checkoutFunctionality.java:60)
at java.base/java.util.ArrayList.forEach(ArrayList.java:1511)
... Removed 33 stack frames]]>
    </failure>
  </testcase> <!-- checkoutFunctionality -->
</testsuite> <!-- Test -->
